2025-01-10 19:42:37,135 [Worker-6: Loading available Gradle versions] INFO  o.e.b.c.i.u.g.PublishedGradleVersions - Gradle version information cache is up-to-date. Trying to read.
2025-01-10 19:43:08,515 [Worker-6: Loading available Gradle versions] INFO  o.e.b.c.i.u.g.PublishedGradleVersions - Gradle version information cache is up-to-date. Trying to read.
2025-01-10 19:43:39,079 [Worker-6: Importing Maven projects] INFO  o.e.m.c.i.l.LifecycleMappingFactory - Using org.eclipse.m2e.jdt.JarLifecycleMapping lifecycle mapping for MavenProject: com.durgesh.learning:E_Learning-Backend:0.0.1-SNAPSHOT @ C:\Users\durge\Desktop\SpringBoot-Microservices-By-Durgesh\E_Learning-Backend\pom.xml.
2025-01-10 19:43:41,848 [Worker-6: Importing Maven projects] INFO  o.e.m.j.i.AbstractJavaProjectConfigurator - Adding source folder /E_Learning-Backend/src/main/java
2025-01-10 19:43:41,853 [Worker-6: Importing Maven projects] INFO  o.e.m.j.i.AbstractJavaProjectConfigurator - Adding resource folder /E_Learning-Backend/src/main/resources
2025-01-10 19:43:41,855 [Worker-6: Importing Maven projects] INFO  o.e.m.j.i.AbstractJavaProjectConfigurator - Adding resource folder /E_Learning-Backend/src/main/resources
2025-01-10 19:43:41,858 [Worker-6: Importing Maven projects] INFO  o.e.m.j.i.AbstractJavaProjectConfigurator - Adding source folder /E_Learning-Backend/src/test/java
2025-01-10 19:43:41,861 [Worker-6: Importing Maven projects] INFO  o.e.m.j.i.AbstractJavaProjectConfigurator - Adding resource folder /E_Learning-Backend/src/test/resources
2025-01-10 19:43:42,676 [Worker-6: Importing Maven projects] INFO  o.e.m.c.i.p.ProjectConfigurationManager - Imported and configured 1 project(s) in 6 sec
2025-01-10 19:43:43,144 [Worker-8: Updating Maven Project] INFO  o.e.m.c.i.p.ProjectConfigurationManager - Update started
2025-01-10 19:43:44,088 [Worker-8: Updating Maven Project] INFO  o.e.m.c.i.l.LifecycleMappingFactory - Using org.eclipse.m2e.jdt.JarLifecycleMapping lifecycle mapping for MavenProject: com.durgesh.learning:E_Learning-Backend:0.0.1-SNAPSHOT @ C:\Users\durge\Desktop\SpringBoot-Microservices-By-Durgesh\E_Learning-Backend\pom.xml.
2025-01-10 19:43:45,430 [Worker-8: Updating Maven Project] INFO  o.e.m.j.i.AbstractJavaProjectConfigurator - Adding source folder /E_Learning-Backend/src/main/java
2025-01-10 19:43:45,431 [Worker-8: Updating Maven Project] INFO  o.e.m.j.i.AbstractJavaProjectConfigurator - Adding resource folder /E_Learning-Backend/src/main/resources
2025-01-10 19:43:45,432 [Worker-8: Updating Maven Project] INFO  o.e.m.j.i.AbstractJavaProjectConfigurator - Adding resource folder /E_Learning-Backend/src/main/resources
2025-01-10 19:43:45,434 [Worker-8: Updating Maven Project] INFO  o.e.m.j.i.AbstractJavaProjectConfigurator - Adding source folder /E_Learning-Backend/src/test/java
2025-01-10 19:43:45,435 [Worker-8: Updating Maven Project] INFO  o.e.m.j.i.AbstractJavaProjectConfigurator - Adding resource folder /E_Learning-Backend/src/test/resources
2025-01-10 19:43:46,462 [Worker-8: Updating Maven Project] INFO  o.e.m.c.i.p.ProjectConfigurationManager - Update completed for 1 poms: local refresh takes 0.00 sec, refresh facades takes 2.00 sec, update config takes 0.00 sec 
2025-01-10 19:43:50,027 [Worker-11: Building] INFO  o.a.m.s.f.DefaultMavenResourcesFiltering - Copying 1 resource from src\main\resources to target\classes
2025-01-10 19:43:50,061 [Worker-11: Building] INFO  o.a.m.s.f.DefaultMavenResourcesFiltering - Copying 0 resource from src\main\resources to target\classes
2025-01-10 19:43:50,073 [Worker-11: Building] INFO  o.a.m.s.f.DefaultMavenResourcesFiltering - skip non existing resourceDirectory C:\Users\durge\Desktop\SpringBoot-Microservices-By-Durgesh\E_Learning-Backend\src\test\resources
2025-01-10 19:46:04,957 [Worker-1: Loading available Gradle versions] INFO  o.e.b.c.i.u.g.PublishedGradleVersions - Gradle version information cache is up-to-date. Trying to read.
